<?xml version="1.0" encoding="UTF-8"?>
<testsuite xmlns:xsi="http://www.w3.org/2001/XMLSchema-instance" xsi:noNamespaceSchemaLocation="https://maven.apache.org/surefire/maven-surefire-plugin/xsd/surefire-test-report-3.0.xsd" version="3.0" name="TestSuite" time="54.385" tests="6" errors="0" skipped="1" failures="1">
  <properties>
    <property name="java.specification.version" value="21"/>
    <property name="webdriver.chrome.driver" value="C:\Users\Administrator\.cache\selenium\chromedriver\win64\138.0.7204.183\chromedriver.exe"/>
    <property name="sun.cpu.isalist" value="amd64"/>
    <property name="sun.jnu.encoding" value="Cp1252"/>
    <property name="java.class.path" value="D:\HUONG\Testing\Automation-Practice\Java\SeleniumJavaFW\target\test-classes;D:\HUONG\Testing\Automation-Practice\Java\SeleniumJavaFW\target\classes;D:\HUONG\Testing\Automation-Practice\MavenRepo\io\cucumber\cucumber-java\7.23.0\cucumber-java-7.23.0.jar;D:\HUONG\Testing\Automation-Practice\MavenRepo\io\cucumber\cucumber-core\7.23.0\cucumber-core-7.23.0.jar;D:\HUONG\Testing\Automation-Practice\MavenRepo\io\cucumber\cucumber-gherkin\7.23.0\cucumber-gherkin-7.23.0.jar;D:\HUONG\Testing\Automation-Practice\MavenRepo\io\cucumber\cucumber-gherkin-messages\7.23.0\cucumber-gherkin-messages-7.23.0.jar;D:\HUONG\Testing\Automation-Practice\MavenRepo\io\cucumber\gherkin\32.1.1\gherkin-32.1.1.jar;D:\HUONG\Testing\Automation-Practice\MavenRepo\io\cucumber\messages\27.2.0\messages-27.2.0.jar;D:\HUONG\Testing\Automation-Practice\MavenRepo\io\cucumber\testng-xml-formatter\0.3.1\testng-xml-formatter-0.3.1.jar;D:\HUONG\Testing\Automation-Practice\MavenRepo\io\cucumber\query\13.5.0\query-13.5.0.jar;D:\HUONG\Testing\Automation-Practice\MavenRepo\io\cucumber\tag-expressions\6.1.2\tag-expressions-6.1.2.jar;D:\HUONG\Testing\Automation-Practice\MavenRepo\io\cucumber\cucumber-expressions\18.0.1\cucumber-expressions-18.0.1.jar;D:\HUONG\Testing\Automation-Practice\MavenRepo\io\cucumber\datatable\7.23.0\datatable-7.23.0.jar;D:\HUONG\Testing\Automation-Practice\MavenRepo\io\cucumber\cucumber-plugin\7.23.0\cucumber-plugin-7.23.0.jar;D:\HUONG\Testing\Automation-Practice\MavenRepo\io\cucumber\docstring\7.23.0\docstring-7.23.0.jar;D:\HUONG\Testing\Automation-Practice\MavenRepo\io\cucumber\html-formatter\21.10.1\html-formatter-21.10.1.jar;D:\HUONG\Testing\Automation-Practice\MavenRepo\io\cucumber\junit-xml-formatter\0.7.1\junit-xml-formatter-0.7.1.jar;D:\HUONG\Testing\Automation-Practice\MavenRepo\io\cucumber\ci-environment\10.0.1\ci-environment-10.0.1.jar;D:\HUONG\Testing\Automation-Practice\MavenRepo\org\apiguardian\apiguardian-api\1.1.2\apiguardian-api-1.1.2.jar;D:\HUONG\Testing\Automation-Practice\MavenRepo\io\cucumber\cucumber-testng\7.20.1\cucumber-testng-7.20.1.jar;D:\HUONG\Testing\Automation-Practice\MavenRepo\org\junit\jupiter\junit-jupiter-api\5.11.0\junit-jupiter-api-5.11.0.jar;D:\HUONG\Testing\Automation-Practice\MavenRepo\org\opentest4j\opentest4j\1.3.0\opentest4j-1.3.0.jar;D:\HUONG\Testing\Automation-Practice\MavenRepo\org\junit\platform\junit-platform-commons\1.11.0\junit-platform-commons-1.11.0.jar;D:\HUONG\Testing\Automation-Practice\MavenRepo\org\junit\jupiter\junit-jupiter-params\5.11.0\junit-jupiter-params-5.11.0.jar;D:\HUONG\Testing\Automation-Practice\MavenRepo\org\seleniumhq\selenium\selenium-java\4.33.0\selenium-java-4.33.0.jar;D:\HUONG\Testing\Automation-Practice\MavenRepo\org\seleniumhq\selenium\selenium-api\4.33.0\selenium-api-4.33.0.jar;D:\HUONG\Testing\Automation-Practice\MavenRepo\org\jspecify\jspecify\1.0.0\jspecify-1.0.0.jar;D:\HUONG\Testing\Automation-Practice\MavenRepo\org\seleniumhq\selenium\selenium-chrome-driver\4.33.0\selenium-chrome-driver-4.33.0.jar;D:\HUONG\Testing\Automation-Practice\MavenRepo\com\google\auto\service\auto-service-annotations\1.1.1\auto-service-annotations-1.1.1.jar;D:\HUONG\Testing\Automation-Practice\MavenRepo\org\seleniumhq\selenium\selenium-chromium-driver\4.33.0\selenium-chromium-driver-4.33.0.jar;D:\HUONG\Testing\Automation-Practice\MavenRepo\org\seleniumhq\selenium\selenium-json\4.33.0\selenium-json-4.33.0.jar;D:\HUONG\Testing\Automation-Practice\MavenRepo\org\seleniumhq\selenium\selenium-manager\4.33.0\selenium-manager-4.33.0.jar;D:\HUONG\Testing\Automation-Practice\MavenRepo\org\seleniumhq\selenium\selenium-devtools-v135\4.33.0\selenium-devtools-v135-4.33.0.jar;D:\HUONG\Testing\Automation-Practice\MavenRepo\org\seleniumhq\selenium\selenium-devtools-v136\4.33.0\selenium-devtools-v136-4.33.0.jar;D:\HUONG\Testing\Automation-Practice\MavenRepo\org\seleniumhq\selenium\selenium-devtools-v137\4.33.0\selenium-devtools-v137-4.33.0.jar;D:\HUONG\Testing\Automation-Practice\MavenRepo\org\seleniumhq\selenium\selenium-edge-driver\4.33.0\selenium-edge-driver-4.33.0.jar;D:\HUONG\Testing\Automation-Practice\MavenRepo\org\seleniumhq\selenium\selenium-firefox-driver\4.33.0\selenium-firefox-driver-4.33.0.jar;D:\HUONG\Testing\Automation-Practice\MavenRepo\org\seleniumhq\selenium\selenium-http\4.33.0\selenium-http-4.33.0.jar;D:\HUONG\Testing\Automation-Practice\MavenRepo\org\seleniumhq\selenium\selenium-ie-driver\4.33.0\selenium-ie-driver-4.33.0.jar;D:\HUONG\Testing\Automation-Practice\MavenRepo\org\seleniumhq\selenium\selenium-remote-driver\4.33.0\selenium-remote-driver-4.33.0.jar;D:\HUONG\Testing\Automation-Practice\MavenRepo\com\google\guava\guava\33.4.8-jre\guava-33.4.8-jre.jar;D:\HUONG\Testing\Automation-Practice\MavenRepo\com\google\guava\failureaccess\1.0.3\failureaccess-1.0.3.jar;D:\HUONG\Testing\Automation-Practice\MavenRepo\com\google\guava\listenablefuture\9999.0-empty-to-avoid-conflict-with-guava\listenablefuture-9999.0-empty-to-avoid-conflict-with-guava.jar;D:\HUONG\Testing\Automation-Practice\MavenRepo\com\google\j2objc\j2objc-annotations\3.0.0\j2objc-annotations-3.0.0.jar;D:\HUONG\Testing\Automation-Practice\MavenRepo\io\opentelemetry\opentelemetry-api\1.50.0\opentelemetry-api-1.50.0.jar;D:\HUONG\Testing\Automation-Practice\MavenRepo\io\opentelemetry\opentelemetry-context\1.50.0\opentelemetry-context-1.50.0.jar;D:\HUONG\Testing\Automation-Practice\MavenRepo\io\opentelemetry\opentelemetry-exporter-logging\1.50.0\opentelemetry-exporter-logging-1.50.0.jar;D:\HUONG\Testing\Automation-Practice\MavenRepo\io\opentelemetry\opentelemetry-sdk-common\1.50.0\opentelemetry-sdk-common-1.50.0.jar;D:\HUONG\Testing\Automation-Practice\MavenRepo\io\opentelemetry\opentelemetry-sdk-extension-autoconfigure-spi\1.50.0\opentelemetry-sdk-extension-autoconfigure-spi-1.50.0.jar;D:\HUONG\Testing\Automation-Practice\MavenRepo\io\opentelemetry\opentelemetry-sdk-extension-autoconfigure\1.50.0\opentelemetry-sdk-extension-autoconfigure-1.50.0.jar;D:\HUONG\Testing\Automation-Practice\MavenRepo\io\opentelemetry\opentelemetry-sdk-trace\1.50.0\opentelemetry-sdk-trace-1.50.0.jar;D:\HUONG\Testing\Automation-Practice\MavenRepo\io\opentelemetry\opentelemetry-sdk\1.50.0\opentelemetry-sdk-1.50.0.jar;D:\HUONG\Testing\Automation-Practice\MavenRepo\io\opentelemetry\opentelemetry-sdk-metrics\1.50.0\opentelemetry-sdk-metrics-1.50.0.jar;D:\HUONG\Testing\Automation-Practice\MavenRepo\io\opentelemetry\opentelemetry-sdk-logs\1.50.0\opentelemetry-sdk-logs-1.50.0.jar;D:\HUONG\Testing\Automation-Practice\MavenRepo\net\bytebuddy\byte-buddy\1.17.5\byte-buddy-1.17.5.jar;D:\HUONG\Testing\Automation-Practice\MavenRepo\org\seleniumhq\selenium\selenium-os\4.33.0\selenium-os-4.33.0.jar;D:\HUONG\Testing\Automation-Practice\MavenRepo\org\apache\commons\commons-exec\1.4.0\commons-exec-1.4.0.jar;D:\HUONG\Testing\Automation-Practice\MavenRepo\org\seleniumhq\selenium\selenium-safari-driver\4.33.0\selenium-safari-driver-4.33.0.jar;D:\HUONG\Testing\Automation-Practice\MavenRepo\org\seleniumhq\selenium\selenium-support\4.33.0\selenium-support-4.33.0.jar;D:\HUONG\Testing\Automation-Practice\MavenRepo\org\testng\testng\7.9.0\testng-7.9.0.jar;D:\HUONG\Testing\Automation-Practice\MavenRepo\com\beust\jcommander\1.82\jcommander-1.82.jar;D:\HUONG\Testing\Automation-Practice\MavenRepo\org\webjars\jquery\3.7.1\jquery-3.7.1.jar;D:\HUONG\Testing\Automation-Practice\MavenRepo\io\rest-assured\rest-assured\5.4.0\rest-assured-5.4.0.jar;D:\HUONG\Testing\Automation-Practice\MavenRepo\org\apache\groovy\groovy\4.0.16\groovy-4.0.16.jar;D:\HUONG\Testing\Automation-Practice\MavenRepo\org\apache\groovy\groovy-xml\4.0.16\groovy-xml-4.0.16.jar;D:\HUONG\Testing\Automation-Practice\MavenRepo\org\apache\httpcomponents\httpclient\4.5.13\httpclient-4.5.13.jar;D:\HUONG\Testing\Automation-Practice\MavenRepo\org\apache\httpcomponents\httpcore\4.4.13\httpcore-4.4.13.jar;D:\HUONG\Testing\Automation-Practice\MavenRepo\commons-logging\commons-logging\1.2\commons-logging-1.2.jar;D:\HUONG\Testing\Automation-Practice\MavenRepo\commons-codec\commons-codec\1.11\commons-codec-1.11.jar;D:\HUONG\Testing\Automation-Practice\MavenRepo\org\apache\httpcomponents\httpmime\4.5.13\httpmime-4.5.13.jar;D:\HUONG\Testing\Automation-Practice\MavenRepo\org\hamcrest\hamcrest\2.2\hamcrest-2.2.jar;D:\HUONG\Testing\Automation-Practice\MavenRepo\org\ccil\cowan\tagsoup\tagsoup\1.2.1\tagsoup-1.2.1.jar;D:\HUONG\Testing\Automation-Practice\MavenRepo\io\rest-assured\json-path\5.4.0\json-path-5.4.0.jar;D:\HUONG\Testing\Automation-Practice\MavenRepo\org\apache\groovy\groovy-json\4.0.16\groovy-json-4.0.16.jar;D:\HUONG\Testing\Automation-Practice\MavenRepo\io\rest-assured\rest-assured-common\5.4.0\rest-assured-common-5.4.0.jar;D:\HUONG\Testing\Automation-Practice\MavenRepo\io\rest-assured\xml-path\5.4.0\xml-path-5.4.0.jar;D:\HUONG\Testing\Automation-Practice\MavenRepo\io\github\bonigarcia\webdrivermanager\5.9.2\webdrivermanager-5.9.2.jar;D:\HUONG\Testing\Automation-Practice\MavenRepo\com\google\code\gson\gson\2.11.0\gson-2.11.0.jar;D:\HUONG\Testing\Automation-Practice\MavenRepo\com\google\errorprone\error_prone_annotations\2.27.0\error_prone_annotations-2.27.0.jar;D:\HUONG\Testing\Automation-Practice\MavenRepo\com\github\docker-java\docker-java\3.4.0\docker-java-3.4.0.jar;D:\HUONG\Testing\Automation-Practice\MavenRepo\com\github\docker-java\docker-java-core\3.4.0\docker-java-core-3.4.0.jar;D:\HUONG\Testing\Automation-Practice\MavenRepo\com\github\docker-java\docker-java-api\3.4.0\docker-java-api-3.4.0.jar;D:\HUONG\Testing\Automation-Practice\MavenRepo\org\slf4j\jcl-over-slf4j\1.7.30\jcl-over-slf4j-1.7.30.jar;D:\HUONG\Testing\Automation-Practice\MavenRepo\com\github\docker-java\docker-java-transport-httpclient5\3.4.0\docker-java-transport-httpclient5-3.4.0.jar;D:\HUONG\Testing\Automation-Practice\MavenRepo\com\github\docker-java\docker-java-transport\3.4.0\docker-java-transport-3.4.0.jar;D:\HUONG\Testing\Automation-Practice\MavenRepo\net\java\dev\jna\jna\5.13.0\jna-5.13.0.jar;D:\HUONG\Testing\Automation-Practice\MavenRepo\org\brotli\dec\0.1.2\dec-0.1.2.jar;D:\HUONG\Testing\Automation-Practice\MavenRepo\org\apache\commons\commons-lang3\3.15.0\commons-lang3-3.15.0.jar;D:\HUONG\Testing\Automation-Practice\MavenRepo\org\apache\commons\commons-compress\1.26.2\commons-compress-1.26.2.jar;D:\HUONG\Testing\Automation-Practice\MavenRepo\org\apache\httpcomponents\client5\httpclient5\5.2.1\httpclient5-5.2.1.jar;D:\HUONG\Testing\Automation-Practice\MavenRepo\org\apache\httpcomponents\core5\httpcore5\5.2\httpcore5-5.2.jar;D:\HUONG\Testing\Automation-Practice\MavenRepo\org\apache\httpcomponents\core5\httpcore5-h2\5.2\httpcore5-h2-5.2.jar;D:\HUONG\Testing\Automation-Practice\MavenRepo\org\slf4j\slf4j-simple\2.0.16\slf4j-simple-2.0.16.jar;D:\HUONG\Testing\Automation-Practice\MavenRepo\org\slf4j\slf4j-api\2.0.16\slf4j-api-2.0.16.jar;D:\HUONG\Testing\Automation-Practice\MavenRepo\com\fasterxml\jackson\core\jackson-databind\2.17.2\jackson-databind-2.17.2.jar;D:\HUONG\Testing\Automation-Practice\MavenRepo\com\fasterxml\jackson\core\jackson-annotations\2.17.2\jackson-annotations-2.17.2.jar;D:\HUONG\Testing\Automation-Practice\MavenRepo\com\fasterxml\jackson\core\jackson-core\2.17.2\jackson-core-2.17.2.jar;D:\HUONG\Testing\Automation-Practice\MavenRepo\commons-io\commons-io\2.16.1\commons-io-2.16.1.jar;D:\HUONG\Testing\Automation-Practice\MavenRepo\com\aventstack\extentreports\5.0.9\extentreports-5.0.9.jar;D:\HUONG\Testing\Automation-Practice\MavenRepo\io\reactivex\rxjava3\rxjava\3.0.4\rxjava-3.0.4.jar;D:\HUONG\Testing\Automation-Practice\MavenRepo\org\reactivestreams\reactive-streams\1.0.3\reactive-streams-1.0.3.jar;D:\HUONG\Testing\Automation-Practice\MavenRepo\org\freemarker\freemarker\2.3.30\freemarker-2.3.30.jar;D:\HUONG\Testing\Automation-Practice\MavenRepo\org\projectlombok\lombok\1.18.12\lombok-1.18.12.jar;"/>
    <property name="java.vm.vendor" value="Oracle Corporation"/>
    <property name="sun.arch.data.model" value="64"/>
    <property name="user.variant" value=""/>
    <property name="java.vendor.url" value="https://java.oracle.com/"/>
    <property name="user.timezone" value="Asia/Saigon"/>
    <property name="os.name" value="Windows 10"/>
    <property name="java.vm.specification.version" value="21"/>
    <property name="sun.java.launcher" value="SUN_STANDARD"/>
    <property name="user.country" value="AU"/>
    <property name="sun.boot.library.path" value="D:\HUONG\Testing\Automation-Practice\Java\Java 21\bin"/>
    <property name="sun.java.command" value="C:\Users\Administrator\AppData\Local\Temp\surefire10491009019965844316\surefirebooter11450721833696795555.jar C:\Users\Administrator\AppData\Local\Temp\surefire10491009019965844316 2025-08-07T11-52-42_572-jvmRun1 surefire12761943281589059044tmp surefire_011263675578799528060tmp"/>
    <property name="jdk.debug" value="release"/>
    <property name="surefire.test.class.path" value="D:\HUONG\Testing\Automation-Practice\Java\SeleniumJavaFW\target\test-classes;D:\HUONG\Testing\Automation-Practice\Java\SeleniumJavaFW\target\classes;D:\HUONG\Testing\Automation-Practice\MavenRepo\io\cucumber\cucumber-java\7.23.0\cucumber-java-7.23.0.jar;D:\HUONG\Testing\Automation-Practice\MavenRepo\io\cucumber\cucumber-core\7.23.0\cucumber-core-7.23.0.jar;D:\HUONG\Testing\Automation-Practice\MavenRepo\io\cucumber\cucumber-gherkin\7.23.0\cucumber-gherkin-7.23.0.jar;D:\HUONG\Testing\Automation-Practice\MavenRepo\io\cucumber\cucumber-gherkin-messages\7.23.0\cucumber-gherkin-messages-7.23.0.jar;D:\HUONG\Testing\Automation-Practice\MavenRepo\io\cucumber\gherkin\32.1.1\gherkin-32.1.1.jar;D:\HUONG\Testing\Automation-Practice\MavenRepo\io\cucumber\messages\27.2.0\messages-27.2.0.jar;D:\HUONG\Testing\Automation-Practice\MavenRepo\io\cucumber\testng-xml-formatter\0.3.1\testng-xml-formatter-0.3.1.jar;D:\HUONG\Testing\Automation-Practice\MavenRepo\io\cucumber\query\13.5.0\query-13.5.0.jar;D:\HUONG\Testing\Automation-Practice\MavenRepo\io\cucumber\tag-expressions\6.1.2\tag-expressions-6.1.2.jar;D:\HUONG\Testing\Automation-Practice\MavenRepo\io\cucumber\cucumber-expressions\18.0.1\cucumber-expressions-18.0.1.jar;D:\HUONG\Testing\Automation-Practice\MavenRepo\io\cucumber\datatable\7.23.0\datatable-7.23.0.jar;D:\HUONG\Testing\Automation-Practice\MavenRepo\io\cucumber\cucumber-plugin\7.23.0\cucumber-plugin-7.23.0.jar;D:\HUONG\Testing\Automation-Practice\MavenRepo\io\cucumber\docstring\7.23.0\docstring-7.23.0.jar;D:\HUONG\Testing\Automation-Practice\MavenRepo\io\cucumber\html-formatter\21.10.1\html-formatter-21.10.1.jar;D:\HUONG\Testing\Automation-Practice\MavenRepo\io\cucumber\junit-xml-formatter\0.7.1\junit-xml-formatter-0.7.1.jar;D:\HUONG\Testing\Automation-Practice\MavenRepo\io\cucumber\ci-environment\10.0.1\ci-environment-10.0.1.jar;D:\HUONG\Testing\Automation-Practice\MavenRepo\org\apiguardian\apiguardian-api\1.1.2\apiguardian-api-1.1.2.jar;D:\HUONG\Testing\Automation-Practice\MavenRepo\io\cucumber\cucumber-testng\7.20.1\cucumber-testng-7.20.1.jar;D:\HUONG\Testing\Automation-Practice\MavenRepo\org\junit\jupiter\junit-jupiter-api\5.11.0\junit-jupiter-api-5.11.0.jar;D:\HUONG\Testing\Automation-Practice\MavenRepo\org\opentest4j\opentest4j\1.3.0\opentest4j-1.3.0.jar;D:\HUONG\Testing\Automation-Practice\MavenRepo\org\junit\platform\junit-platform-commons\1.11.0\junit-platform-commons-1.11.0.jar;D:\HUONG\Testing\Automation-Practice\MavenRepo\org\junit\jupiter\junit-jupiter-params\5.11.0\junit-jupiter-params-5.11.0.jar;D:\HUONG\Testing\Automation-Practice\MavenRepo\org\seleniumhq\selenium\selenium-java\4.33.0\selenium-java-4.33.0.jar;D:\HUONG\Testing\Automation-Practice\MavenRepo\org\seleniumhq\selenium\selenium-api\4.33.0\selenium-api-4.33.0.jar;D:\HUONG\Testing\Automation-Practice\MavenRepo\org\jspecify\jspecify\1.0.0\jspecify-1.0.0.jar;D:\HUONG\Testing\Automation-Practice\MavenRepo\org\seleniumhq\selenium\selenium-chrome-driver\4.33.0\selenium-chrome-driver-4.33.0.jar;D:\HUONG\Testing\Automation-Practice\MavenRepo\com\google\auto\service\auto-service-annotations\1.1.1\auto-service-annotations-1.1.1.jar;D:\HUONG\Testing\Automation-Practice\MavenRepo\org\seleniumhq\selenium\selenium-chromium-driver\4.33.0\selenium-chromium-driver-4.33.0.jar;D:\HUONG\Testing\Automation-Practice\MavenRepo\org\seleniumhq\selenium\selenium-json\4.33.0\selenium-json-4.33.0.jar;D:\HUONG\Testing\Automation-Practice\MavenRepo\org\seleniumhq\selenium\selenium-manager\4.33.0\selenium-manager-4.33.0.jar;D:\HUONG\Testing\Automation-Practice\MavenRepo\org\seleniumhq\selenium\selenium-devtools-v135\4.33.0\selenium-devtools-v135-4.33.0.jar;D:\HUONG\Testing\Automation-Practice\MavenRepo\org\seleniumhq\selenium\selenium-devtools-v136\4.33.0\selenium-devtools-v136-4.33.0.jar;D:\HUONG\Testing\Automation-Practice\MavenRepo\org\seleniumhq\selenium\selenium-devtools-v137\4.33.0\selenium-devtools-v137-4.33.0.jar;D:\HUONG\Testing\Automation-Practice\MavenRepo\org\seleniumhq\selenium\selenium-edge-driver\4.33.0\selenium-edge-driver-4.33.0.jar;D:\HUONG\Testing\Automation-Practice\MavenRepo\org\seleniumhq\selenium\selenium-firefox-driver\4.33.0\selenium-firefox-driver-4.33.0.jar;D:\HUONG\Testing\Automation-Practice\MavenRepo\org\seleniumhq\selenium\selenium-http\4.33.0\selenium-http-4.33.0.jar;D:\HUONG\Testing\Automation-Practice\MavenRepo\org\seleniumhq\selenium\selenium-ie-driver\4.33.0\selenium-ie-driver-4.33.0.jar;D:\HUONG\Testing\Automation-Practice\MavenRepo\org\seleniumhq\selenium\selenium-remote-driver\4.33.0\selenium-remote-driver-4.33.0.jar;D:\HUONG\Testing\Automation-Practice\MavenRepo\com\google\guava\guava\33.4.8-jre\guava-33.4.8-jre.jar;D:\HUONG\Testing\Automation-Practice\MavenRepo\com\google\guava\failureaccess\1.0.3\failureaccess-1.0.3.jar;D:\HUONG\Testing\Automation-Practice\MavenRepo\com\google\guava\listenablefuture\9999.0-empty-to-avoid-conflict-with-guava\listenablefuture-9999.0-empty-to-avoid-conflict-with-guava.jar;D:\HUONG\Testing\Automation-Practice\MavenRepo\com\google\j2objc\j2objc-annotations\3.0.0\j2objc-annotations-3.0.0.jar;D:\HUONG\Testing\Automation-Practice\MavenRepo\io\opentelemetry\opentelemetry-api\1.50.0\opentelemetry-api-1.50.0.jar;D:\HUONG\Testing\Automation-Practice\MavenRepo\io\opentelemetry\opentelemetry-context\1.50.0\opentelemetry-context-1.50.0.jar;D:\HUONG\Testing\Automation-Practice\MavenRepo\io\opentelemetry\opentelemetry-exporter-logging\1.50.0\opentelemetry-exporter-logging-1.50.0.jar;D:\HUONG\Testing\Automation-Practice\MavenRepo\io\opentelemetry\opentelemetry-sdk-common\1.50.0\opentelemetry-sdk-common-1.50.0.jar;D:\HUONG\Testing\Automation-Practice\MavenRepo\io\opentelemetry\opentelemetry-sdk-extension-autoconfigure-spi\1.50.0\opentelemetry-sdk-extension-autoconfigure-spi-1.50.0.jar;D:\HUONG\Testing\Automation-Practice\MavenRepo\io\opentelemetry\opentelemetry-sdk-extension-autoconfigure\1.50.0\opentelemetry-sdk-extension-autoconfigure-1.50.0.jar;D:\HUONG\Testing\Automation-Practice\MavenRepo\io\opentelemetry\opentelemetry-sdk-trace\1.50.0\opentelemetry-sdk-trace-1.50.0.jar;D:\HUONG\Testing\Automation-Practice\MavenRepo\io\opentelemetry\opentelemetry-sdk\1.50.0\opentelemetry-sdk-1.50.0.jar;D:\HUONG\Testing\Automation-Practice\MavenRepo\io\opentelemetry\opentelemetry-sdk-metrics\1.50.0\opentelemetry-sdk-metrics-1.50.0.jar;D:\HUONG\Testing\Automation-Practice\MavenRepo\io\opentelemetry\opentelemetry-sdk-logs\1.50.0\opentelemetry-sdk-logs-1.50.0.jar;D:\HUONG\Testing\Automation-Practice\MavenRepo\net\bytebuddy\byte-buddy\1.17.5\byte-buddy-1.17.5.jar;D:\HUONG\Testing\Automation-Practice\MavenRepo\org\seleniumhq\selenium\selenium-os\4.33.0\selenium-os-4.33.0.jar;D:\HUONG\Testing\Automation-Practice\MavenRepo\org\apache\commons\commons-exec\1.4.0\commons-exec-1.4.0.jar;D:\HUONG\Testing\Automation-Practice\MavenRepo\org\seleniumhq\selenium\selenium-safari-driver\4.33.0\selenium-safari-driver-4.33.0.jar;D:\HUONG\Testing\Automation-Practice\MavenRepo\org\seleniumhq\selenium\selenium-support\4.33.0\selenium-support-4.33.0.jar;D:\HUONG\Testing\Automation-Practice\MavenRepo\org\testng\testng\7.9.0\testng-7.9.0.jar;D:\HUONG\Testing\Automation-Practice\MavenRepo\com\beust\jcommander\1.82\jcommander-1.82.jar;D:\HUONG\Testing\Automation-Practice\MavenRepo\org\webjars\jquery\3.7.1\jquery-3.7.1.jar;D:\HUONG\Testing\Automation-Practice\MavenRepo\io\rest-assured\rest-assured\5.4.0\rest-assured-5.4.0.jar;D:\HUONG\Testing\Automation-Practice\MavenRepo\org\apache\groovy\groovy\4.0.16\groovy-4.0.16.jar;D:\HUONG\Testing\Automation-Practice\MavenRepo\org\apache\groovy\groovy-xml\4.0.16\groovy-xml-4.0.16.jar;D:\HUONG\Testing\Automation-Practice\MavenRepo\org\apache\httpcomponents\httpclient\4.5.13\httpclient-4.5.13.jar;D:\HUONG\Testing\Automation-Practice\MavenRepo\org\apache\httpcomponents\httpcore\4.4.13\httpcore-4.4.13.jar;D:\HUONG\Testing\Automation-Practice\MavenRepo\commons-logging\commons-logging\1.2\commons-logging-1.2.jar;D:\HUONG\Testing\Automation-Practice\MavenRepo\commons-codec\commons-codec\1.11\commons-codec-1.11.jar;D:\HUONG\Testing\Automation-Practice\MavenRepo\org\apache\httpcomponents\httpmime\4.5.13\httpmime-4.5.13.jar;D:\HUONG\Testing\Automation-Practice\MavenRepo\org\hamcrest\hamcrest\2.2\hamcrest-2.2.jar;D:\HUONG\Testing\Automation-Practice\MavenRepo\org\ccil\cowan\tagsoup\tagsoup\1.2.1\tagsoup-1.2.1.jar;D:\HUONG\Testing\Automation-Practice\MavenRepo\io\rest-assured\json-path\5.4.0\json-path-5.4.0.jar;D:\HUONG\Testing\Automation-Practice\MavenRepo\org\apache\groovy\groovy-json\4.0.16\groovy-json-4.0.16.jar;D:\HUONG\Testing\Automation-Practice\MavenRepo\io\rest-assured\rest-assured-common\5.4.0\rest-assured-common-5.4.0.jar;D:\HUONG\Testing\Automation-Practice\MavenRepo\io\rest-assured\xml-path\5.4.0\xml-path-5.4.0.jar;D:\HUONG\Testing\Automation-Practice\MavenRepo\io\github\bonigarcia\webdrivermanager\5.9.2\webdrivermanager-5.9.2.jar;D:\HUONG\Testing\Automation-Practice\MavenRepo\com\google\code\gson\gson\2.11.0\gson-2.11.0.jar;D:\HUONG\Testing\Automation-Practice\MavenRepo\com\google\errorprone\error_prone_annotations\2.27.0\error_prone_annotations-2.27.0.jar;D:\HUONG\Testing\Automation-Practice\MavenRepo\com\github\docker-java\docker-java\3.4.0\docker-java-3.4.0.jar;D:\HUONG\Testing\Automation-Practice\MavenRepo\com\github\docker-java\docker-java-core\3.4.0\docker-java-core-3.4.0.jar;D:\HUONG\Testing\Automation-Practice\MavenRepo\com\github\docker-java\docker-java-api\3.4.0\docker-java-api-3.4.0.jar;D:\HUONG\Testing\Automation-Practice\MavenRepo\org\slf4j\jcl-over-slf4j\1.7.30\jcl-over-slf4j-1.7.30.jar;D:\HUONG\Testing\Automation-Practice\MavenRepo\com\github\docker-java\docker-java-transport-httpclient5\3.4.0\docker-java-transport-httpclient5-3.4.0.jar;D:\HUONG\Testing\Automation-Practice\MavenRepo\com\github\docker-java\docker-java-transport\3.4.0\docker-java-transport-3.4.0.jar;D:\HUONG\Testing\Automation-Practice\MavenRepo\net\java\dev\jna\jna\5.13.0\jna-5.13.0.jar;D:\HUONG\Testing\Automation-Practice\MavenRepo\org\brotli\dec\0.1.2\dec-0.1.2.jar;D:\HUONG\Testing\Automation-Practice\MavenRepo\org\apache\commons\commons-lang3\3.15.0\commons-lang3-3.15.0.jar;D:\HUONG\Testing\Automation-Practice\MavenRepo\org\apache\commons\commons-compress\1.26.2\commons-compress-1.26.2.jar;D:\HUONG\Testing\Automation-Practice\MavenRepo\org\apache\httpcomponents\client5\httpclient5\5.2.1\httpclient5-5.2.1.jar;D:\HUONG\Testing\Automation-Practice\MavenRepo\org\apache\httpcomponents\core5\httpcore5\5.2\httpcore5-5.2.jar;D:\HUONG\Testing\Automation-Practice\MavenRepo\org\apache\httpcomponents\core5\httpcore5-h2\5.2\httpcore5-h2-5.2.jar;D:\HUONG\Testing\Automation-Practice\MavenRepo\org\slf4j\slf4j-simple\2.0.16\slf4j-simple-2.0.16.jar;D:\HUONG\Testing\Automation-Practice\MavenRepo\org\slf4j\slf4j-api\2.0.16\slf4j-api-2.0.16.jar;D:\HUONG\Testing\Automation-Practice\MavenRepo\com\fasterxml\jackson\core\jackson-databind\2.17.2\jackson-databind-2.17.2.jar;D:\HUONG\Testing\Automation-Practice\MavenRepo\com\fasterxml\jackson\core\jackson-annotations\2.17.2\jackson-annotations-2.17.2.jar;D:\HUONG\Testing\Automation-Practice\MavenRepo\com\fasterxml\jackson\core\jackson-core\2.17.2\jackson-core-2.17.2.jar;D:\HUONG\Testing\Automation-Practice\MavenRepo\commons-io\commons-io\2.16.1\commons-io-2.16.1.jar;D:\HUONG\Testing\Automation-Practice\MavenRepo\com\aventstack\extentreports\5.0.9\extentreports-5.0.9.jar;D:\HUONG\Testing\Automation-Practice\MavenRepo\io\reactivex\rxjava3\rxjava\3.0.4\rxjava-3.0.4.jar;D:\HUONG\Testing\Automation-Practice\MavenRepo\org\reactivestreams\reactive-streams\1.0.3\reactive-streams-1.0.3.jar;D:\HUONG\Testing\Automation-Practice\MavenRepo\org\freemarker\freemarker\2.3.30\freemarker-2.3.30.jar;D:\HUONG\Testing\Automation-Practice\MavenRepo\org\projectlombok\lombok\1.18.12\lombok-1.18.12.jar;"/>
    <property name="sun.cpu.endian" value="little"/>
    <property name="user.home" value="C:\Users\Administrator"/>
    <property name="user.language" value="en"/>
    <property name="java.specification.vendor" value="Oracle Corporation"/>
    <property name="java.version.date" value="2025-04-15"/>
    <property name="java.home" value="D:\HUONG\Testing\Automation-Practice\Java\Java 21"/>
    <property name="file.separator" value="\"/>
    <property name="basedir" value="D:\HUONG\Testing\Automation-Practice\Java\SeleniumJavaFW"/>
    <property name="java.vm.compressedOopsMode" value="32-bit"/>
    <property name="line.separator" value="&#10;"/>
    <property name="java.vm.specification.vendor" value="Oracle Corporation"/>
    <property name="java.specification.name" value="Java Platform API Specification"/>
    <property name="surefire.real.class.path" value="C:\Users\Administrator\AppData\Local\Temp\surefire10491009019965844316\surefirebooter11450721833696795555.jar"/>
    <property name="user.script" value=""/>
    <property name="sun.management.compiler" value="HotSpot 64-Bit Tiered Compilers"/>
    <property name="java.runtime.version" value="21.0.7+8-LTS-245"/>
    <property name="user.name" value="Administrator"/>
    <property name="stdout.encoding" value="Cp1252"/>
    <property name="path.separator" value=";"/>
    <property name="os.version" value="10.0"/>
    <property name="java.runtime.name" value="Java(TM) SE Runtime Environment"/>
    <property name="file.encoding" value="UTF-8"/>
    <property name="java.vm.name" value="Java HotSpot(TM) 64-Bit Server VM"/>
    <property name="localRepository" value="D:\HUONG\Testing\Automation-Practice\MavenRepo"/>
    <property name="java.vendor.url.bug" value="https://bugreport.java.com/bugreport/"/>
    <property name="java.io.tmpdir" value="C:\Users\ADMINI~1\AppData\Local\Temp\"/>
    <property name="java.version" value="21.0.7"/>
    <property name="user.dir" value="D:\HUONG\Testing\Automation-Practice\Java\SeleniumJavaFW"/>
    <property name="os.arch" value="amd64"/>
    <property name="java.vm.specification.name" value="Java Virtual Machine Specification"/>
    <property name="sun.os.patch.level" value=""/>
    <property name="native.encoding" value="Cp1252"/>
    <property name="java.library.path" value="D:\HUONG\Testing\Automation-Practice\Java\Java 21\bin;C:\WINDOWS\Sun\Java\bin;C:\WINDOWS\system32;C:\WINDOWS;C:\Program Files\Common Files\Oracle\Java\javapath;C:\WINDOWS\system32;C:\WINDOWS;C:\WINDOWS\System32\Wbem;C:\WINDOWS\System32\WindowsPowerShell\v1.0\;C:\WINDOWS\System32\OpenSSH\;C:\ProgramData\chocolatey\bin;D:\HUONG\SETUP\apache-maven-3.9.10\bin;D:\HUONG\Installation\Git\cmd;C:\Users\Administrator\AppData\Local\Microsoft\WindowsApps;;."/>
    <property name="java.vm.info" value="mixed mode, sharing"/>
    <property name="stderr.encoding" value="Cp1252"/>
    <property name="java.vendor" value="Oracle Corporation"/>
    <property name="java.vm.version" value="21.0.7+8-LTS-245"/>
    <property name="sun.io.unicode.encoding" value="UnicodeLittle"/>
    <property name="java.class.version" value="65.0"/>
  </properties>
  <testcase name="submitOrder" classname="HuongTestingPractice.Tests.SubmitOrderTest" time="6.023"/>
  <testcase name="submitOrder" classname="HuongTestingPractice.Tests.SubmitOrderTest" time="3.598"/>
  <testcase name="OrderHistoryTest" classname="HuongTestingPractice.Tests.SubmitOrderTest" time="2.195"/>
  <testcase name="LoginErrorValidation" classname="HuongTestingPractice.Tests.ErrorValidation" time="0">
    <skipped message="expected [Incorrect email or password.] but found [Incorrect email o password.]"/>
    <system-err><![CDATA[[TestNG-tests-1] INFO io.github.bonigarcia.wdm.WebDriverManager - Using chromedriver 138.0.7204.183 (resolved driver for Chrome 138)
[TestNG-tests-1] INFO io.github.bonigarcia.wdm.WebDriverManager - Exporting webdriver.chrome.driver as C:\Users\Administrator\.cache\selenium\chromedriver\win64\138.0.7204.183\chromedriver.exe
Aug 07, 2025 11:53:04 AM org.openqa.selenium.devtools.CdpVersionFinder findNearestMatch
WARNING: Unable to find an exact match for CDP version 138, returning the closest version; found: 137; Please update to a Selenium version that supports CDP version 138
]]></system-err>
  </testcase>
  <testcase name="LoginErrorValidation" classname="HuongTestingPractice.Tests.ErrorValidation" time="2.403">
    <failure message="expected [Incorrect email or password.] but found [Incorrect email o password.]" type="java.lang.AssertionError"><![CDATA[java.lang.AssertionError: expected [Incorrect email or password.] but found [Incorrect email o password.]
	at HuongTestingPractice.Tests.ErrorValidation.LoginErrorValidation(ErrorValidation.java:22)
]]></failure>
    <system-err><![CDATA[[TestNG-tests-2] INFO io.github.bonigarcia.wdm.WebDriverManager - Using chromedriver 138.0.7204.183 (resolved driver for Chrome 138)
[TestNG-tests-2] INFO io.github.bonigarcia.wdm.WebDriverManager - Exporting webdriver.chrome.driver as C:\Users\Administrator\.cache\selenium\chromedriver\win64\138.0.7204.183\chromedriver.exe
Aug 07, 2025 11:53:16 AM org.openqa.selenium.devtools.CdpVersionFinder findNearestMatch
WARNING: Unable to find an exact match for CDP version 138, returning the closest version; found: 137; Please update to a Selenium version that supports CDP version 138
]]></system-err>
  </testcase>
  <testcase name="ProductErrorValidation" classname="HuongTestingPractice.Tests.ErrorValidation" time="0.922"/>
</testsuite>