<?xml version="1.0" encoding="UTF-8"?>
<!-- Generated by org.testng.reporters.JUnitReportReporter -->
<testsuite hostname="Admin" failures="0" tests="2" name="Cucumber.TestNGTestRunner" time="40.034" errors="0" timestamp="2025-08-04T15:13:28 ICT" skipped="0">
  <testcase classname="Cucumber.TestNGTestRunner" name="runScenario" time="10.079"/>
  <testcase classname="Cucumber.TestNGTestRunner" name="runScenario" time="29.955"/>
</testsuite> <!-- Cucumber.TestNGTestRunner -->
