<?xml version="1.0" encoding="UTF-8"?>
<!-- Generated by org.testng.reporters.JUnitReportReporter -->
<testsuite hostname="Admin" failures="0" tests="3" name="HuongTestingPractice.Tests.SubmitOrderTest" time="53.181" errors="0" timestamp="2025-08-03T20:26:41 ICT" skipped="0">
  <testcase classname="HuongTestingPractice.Tests.SubmitOrderTest" name="submitOrder" time="17.325"/>
  <testcase classname="HuongTestingPractice.Tests.SubmitOrderTest" name="OrderHistoryTest" time="22.834"/>
  <testcase classname="HuongTestingPractice.Tests.SubmitOrderTest" name="submitOrder" time="13.022"/>
</testsuite> <!-- HuongTestingPractice.Tests.SubmitOrderTest -->
