<?xml version="1.0" encoding="UTF-8"?>
<!-- Generated by org.testng.reporters.JUnitReportReporter -->
<testsuite hostname="Admin" failures="0" tests="3" name="HuongTestingPractice.Tests.SubmitOrderTest" time="118.262" errors="0" timestamp="2025-08-08T18:57:24 ICT" skipped="0">
  <testcase classname="HuongTestingPractice.Tests.SubmitOrderTest" name="submitOrder" time="82.406"/>
  <testcase classname="HuongTestingPractice.Tests.SubmitOrderTest" name="OrderHistoryTest" time="23.379"/>
  <testcase classname="HuongTestingPractice.Tests.SubmitOrderTest" name="submitOrder" time="12.477"/>
</testsuite> <!-- HuongTestingPractice.Tests.SubmitOrderTest -->
