<?xml version="1.0" encoding="UTF-8"?>
<!-- Generated by org.testng.reporters.JUnitReportReporter -->
<testsuite hostname="Admin" failures="0" tests="2" name="HuongTestingPractice.Tests.ErrorValidation" time="26.605" errors="0" timestamp="2025-08-07T15:15:14 ICT" skipped="0">
  <testcase classname="HuongTestingPractice.Tests.ErrorValidation" name="LoginErrorValidation" time="10.188"/>
  <testcase classname="HuongTestingPractice.Tests.ErrorValidation" name="ProductErrorValidation" time="16.417"/>
</testsuite> <!-- HuongTestingPractice.Tests.ErrorValidation -->
