<?xml version="1.0" encoding="UTF-8"?>
<!-- Generated by org.testng.reporters.JUnitReportReporter -->
<testsuite hostname="Admin" failures="0" tests="3" name="HuongTestingPractice.Tests.SubmitOrderTest" time="40.842" errors="0" timestamp="2025-08-07T15:15:14 ICT" skipped="0">
  <testcase classname="HuongTestingPractice.Tests.SubmitOrderTest" name="OrderHistoryTest" time="14.302"/>
  <testcase classname="HuongTestingPractice.Tests.SubmitOrderTest" name="submitOrder" time="13.288"/>
  <testcase classname="HuongTestingPractice.Tests.SubmitOrderTest" name="submitOrder" time="13.252"/>
</testsuite> <!-- HuongTestingPractice.Tests.SubmitOrderTest -->
