<?xml version="1.0" encoding="UTF-8"?>
<!-- Generated by org.testng.reporters.JUnitReportReporter -->
<testsuite hostname="Admin" failures="0" tests="1" name="HuongTestingPractice.Tests.deleteChatGPT" time="4.754" errors="0" timestamp="2025-08-08T10:30:06 ICT" skipped="0">
  <testcase classname="HuongTestingPractice.Tests.deleteChatGPT" name="A" time="4.754"/>
</testsuite> <!-- HuongTestingPractice.Tests.deleteChatGPT -->
