<?xml version="1.0" encoding="UTF-8"?>
<!-- Generated by org.testng.reporters.JUnitReportReporter -->
<testsuite hostname="Admin" failures="0" tests="2" name="HuongTestingPractice.Tests.ErrorValidation" time="91.560" errors="0" timestamp="2025-08-08T18:57:24 ICT" skipped="0">
  <testcase classname="HuongTestingPractice.Tests.ErrorValidation" name="LoginErrorValidation" time="8.951"/>
  <testcase classname="HuongTestingPractice.Tests.ErrorValidation" name="ProductErrorValidation" time="82.609"/>
</testsuite> <!-- HuongTestingPractice.Tests.ErrorValidation -->
