<?xml version="1.0" encoding="UTF-8"?>
<!-- Generated by org.testng.reporters.JUnitReportReporter -->
<testsuite hostname="Admin" failures="0" tests="3" name="HuongTestingPractice.Tests.SubmitOrderTest" time="38.666" errors="0" timestamp="2025-08-04T17:43:31 ICT" skipped="0">
  <testcase classname="HuongTestingPractice.Tests.SubmitOrderTest" name="submitOrder" time="17.699"/>
  <testcase classname="HuongTestingPractice.Tests.SubmitOrderTest" name="OrderHistoryTest" time="7.459"/>
  <testcase classname="HuongTestingPractice.Tests.SubmitOrderTest" name="submitOrder" time="13.508"/>
</testsuite> <!-- HuongTestingPractice.Tests.SubmitOrderTest -->
