<?xml version="1.0" encoding="UTF-8"?>
<!-- Generated by org.testng.reporters.JUnitReportReporter -->
<testsuite hostname="Admin" failures="0" tests="3" name="HuongTestingPractice.Tests.SubmitOrderTest" time="64.109" errors="0" timestamp="2025-08-07T10:23:51 ICT" skipped="0">
  <testcase classname="HuongTestingPractice.Tests.SubmitOrderTest" name="submitOrder" time="15.055"/>
  <testcase classname="HuongTestingPractice.Tests.SubmitOrderTest" name="submitOrder" time="12.912"/>
  <testcase classname="HuongTestingPractice.Tests.SubmitOrderTest" name="OrderHistoryTest" time="36.142"/>
</testsuite> <!-- HuongTestingPractice.Tests.SubmitOrderTest -->
